SF:lib\counter_app\widgets\app_title.dart
DA:6,7
DA:8,3
DA:10,3
LF:3
LH:3
end_of_record
SF:lib\counter_app\counter_app_body.dart
DA:11,2
DA:13,2
DA:15,2
DA:16,2
DA:17,2
DA:18,2
DA:19,2
LF:7
LH:7
end_of_record
SF:lib\counter_app\model\counter.dart
DA:11,5
DA:13,5
DA:16,8
DA:19,9
DA:22,4
DA:23,8
DA:24,20
DA:25,4
DA:29,2
DA:30,4
DA:31,2
LF:11
LH:11
end_of_record
SF:lib\counter_app\widgets\counter_buttons.dart
DA:8,7
DA:10,3
DA:12,6
DA:14,3
DA:16,3
DA:17,3
DA:19,3
DA:22,3
DA:27,3
DA:29,3
DA:30,3
DA:31,6
DA:40,3
DA:42,3
LF:14
LH:14
end_of_record
SF:lib\counter_app\widgets\counter_inherited_widget.dart
DA:11,5
DA:15,5
DA:19,4
DA:20,4
DA:23,1
DA:25,5
LF:6
LH:6
end_of_record
SF:lib\counter_app\widgets\history_widget.dart
DA:7,7
DA:9,3
DA:10,3
DA:18,3
DA:20,6
DA:22,3
DA:25,3
DA:27,6
DA:29,3
DA:31,3
DA:36,3
DA:37,3
DA:42,3
DA:44,3
DA:46,3
DA:47,6
DA:49,4
DA:50,10
DA:56,3
DA:58,3
DA:60,6
DA:61,2
DA:62,2
DA:65,2
DA:68,2
DA:69,8
DA:74,2
LF:27
LH:27
end_of_record
SF:lib\main.dart
DA:4,1
DA:6,1
DA:14,2
DA:16,1
LF:4
LH:4
end_of_record
